SF:lib\core\failure\failure.dart
DA:5,2
LF:1
LH:1
end_of_record
SF:lib\features\auth\domain\entity\student_entity.dart
DA:8,3
DA:14,1
DA:15,4
LF:3
LH:3
end_of_record
SF:lib\features\auth\domain\use_case\auth_usecase.dart
DA:8,0
DA:9,0
DA:10,0
DA:17,0
DA:19,0
DA:20,0
DA:23,0
DA:25,0
LF:8
LH:0
end_of_record
SF:lib\features\auth\presentation\viewmodel\auth_view_model.dart
DA:8,6
DA:9,3
DA:10,0
DA:11,0
DA:18,9
DA:20,2
DA:21,6
DA:22,4
DA:23,2
DA:24,0
DA:26,0
DA:28,8
DA:35,2
DA:37,6
DA:38,4
DA:39,2
DA:40,1
DA:41,4
DA:45,2
DA:46,6
LF:20
LH:16
end_of_record
SF:lib\features\auth\data\data_source\auth_remote_data_source.dart
DA:11,0
DA:12,0
DA:13,0
DA:14,0
DA:22,0
DA:24,0
DA:29,0
DA:33,0
DA:38,0
DA:39,0
DA:40,0
DA:43,0
DA:44,0
DA:45,0
DA:46,0
DA:50,0
DA:51,0
DA:52,0
DA:53,0
DA:54,0
DA:60,0
DA:62,0
DA:64,0
DA:65,0
DA:66,0
DA:67,0
DA:70,0
DA:73,0
DA:74,0
DA:75,0
DA:76,0
DA:80,0
DA:81,0
DA:82,0
DA:83,0
DA:84,0
LF:36
LH:0
end_of_record
SF:lib\config\constants\api_endpoint.dart
DA:2,0
LF:1
LH:0
end_of_record
SF:lib\core\network\remote\http_service.dart
DA:8,0
DA:9,0
DA:15,0
DA:17,0
DA:18,0
DA:19,0
DA:20,0
DA:21,0
DA:22,0
DA:23,0
DA:25,0
LF:11
LH:0
end_of_record
SF:lib\core\shared_prefs\user_shared_prefs.dart
DA:7,0
DA:8,0
DA:14,0
DA:16,0
DA:17,0
DA:18,0
DA:20,0
DA:25,0
DA:27,0
DA:28,0
DA:29,0
DA:31,0
LF:12
LH:0
end_of_record
SF:lib\features\auth\data\repository\auth_remote_repository.dart
DA:9,0
DA:10,0
DA:11,0
DA:12,0
DA:19,0
DA:21,0
DA:23,0
DA:26,0
DA:28,0
LF:9
LH:0
end_of_record
SF:lib\features\auth\domain\repository\auth_repository.dart
DA:8,0
DA:9,0
LF:2
LH:0
end_of_record
SF:lib\features\auth\presentation\state\auth_state.dart
DA:5,3
DA:10,0
DA:11,0
DA:17,3
DA:21,3
DA:22,0
DA:23,3
DA:27,0
DA:28,0
LF:9
LH:4
end_of_record
SF:lib\core\common\provider\internet_connectivity.dart
DA:8,0
DA:9,0
DA:10,0
DA:14,0
DA:15,0
DA:16,0
DA:17,0
DA:18,0
DA:23,0
DA:24,0
DA:25,0
LF:11
LH:0
end_of_record
SF:lib\core\network\remote\dio_error_interceptor.dart
DA:4,0
DA:6,0
DA:8,0
DA:9,0
DA:10,0
DA:11,0
DA:12,0
DA:13,0
DA:16,0
DA:17,0
DA:18,0
DA:20,0
DA:25,0
DA:26,0
DA:28,0
DA:31,0
LF:16
LH:0
end_of_record
SF:lib\features\batch\data\data_source\doctor_remote_data_source.dart
DA:14,0
DA:15,0
DA:16,0
DA:17,0
DA:18,0
DA:28,0
DA:34,0
DA:36,0
DA:38,0
DA:41,0
DA:44,0
DA:45,0
DA:46,0
DA:47,0
DA:51,0
DA:52,0
DA:53,0
DA:54,0
DA:60,0
DA:62,0
DA:63,0
DA:66,0
DA:67,0
DA:69,0
DA:70,0
DA:71,0
DA:72,0
DA:76,0
DA:77,0
DA:78,0
DA:79,0
LF:31
LH:0
end_of_record
SF:lib\features\batch\domain\entity\batch_entity.dart
DA:17,1
DA:31,2
DA:32,1
DA:33,1
DA:34,1
DA:35,1
DA:36,1
DA:37,1
DA:38,1
DA:39,1
DA:40,1
DA:41,1
DA:42,1
DA:43,1
DA:46,0
DA:47,0
DA:48,0
DA:49,0
DA:50,0
DA:51,0
DA:52,0
DA:53,0
DA:54,0
DA:55,0
DA:56,0
DA:57,0
DA:58,0
DA:61,0
DA:63,0
DA:66,0
DA:67,0
DA:68,0
DA:69,0
DA:70,0
DA:71,0
DA:72,0
DA:73,0
DA:74,0
DA:75,0
DA:76,0
DA:77,0
DA:78,0
DA:79,0
LF:43
LH:14
end_of_record
SF:lib\features\batch\data\dto\get_all_doctor_dto.dart
DA:13,0
DA:19,0
DA:21,0
DA:22,0
LF:4
LH:0
end_of_record
SF:lib\features\batch\data\dto\get_all_doctor_dto.g.dart
DA:9,0
DA:10,0
DA:11,0
DA:12,0
DA:13,0
DA:14,0
DA:15,0
DA:18,0
DA:19,0
DA:20,0
DA:21,0
DA:22,0
LF:12
LH:0
end_of_record
SF:lib\features\batch\data\model\doctor_api_model.dart
DA:9,0
DA:10,0
DA:29,0
DA:43,4
DA:57,0
DA:59,0
DA:60,0
DA:63,0
DA:64,0
DA:65,0
DA:66,0
DA:67,0
DA:68,0
DA:69,0
DA:70,0
DA:71,0
DA:72,0
DA:73,0
DA:74,0
DA:75,0
DA:78,0
DA:79,0
DA:80,0
DA:81,0
DA:82,0
DA:83,0
DA:84,0
DA:85,0
DA:86,0
DA:87,0
DA:88,0
DA:89,0
DA:90,0
DA:93,0
DA:94,0
DA:96,0
DA:97,0
DA:98,0
DA:99,0
DA:100,0
DA:101,0
DA:102,0
DA:103,0
DA:104,0
DA:105,0
DA:106,0
DA:107,0
DA:108,0
DA:109,0
LF:49
LH:1
end_of_record
SF:lib\features\batch\data\model\doctor_api_model.g.dart
DA:9,0
DA:10,0
DA:11,0
DA:12,0
DA:13,0
DA:14,0
DA:15,0
DA:16,0
DA:17,0
DA:18,0
DA:19,0
DA:20,0
DA:21,0
DA:22,0
DA:25,0
DA:26,0
DA:27,0
DA:28,0
DA:29,0
DA:30,0
DA:31,0
DA:32,0
DA:33,0
DA:34,0
DA:35,0
DA:36,0
DA:37,0
DA:38,0
LF:28
LH:0
end_of_record
SF:lib\features\batch\data\repository\doctor_remote_repo_impl.dart
DA:9,0
DA:10,0
DA:11,0
DA:18,0
DA:20,0
DA:22,0
DA:25,0
DA:27,0
LF:8
LH:0
end_of_record
SF:lib\features\batch\domain\repository\doctor_repository.dart
DA:9,0
DA:10,0
DA:13,0
DA:15,0
LF:4
LH:0
end_of_record
SF:lib\features\batch\domain\use_case\doctor_use_case.dart
DA:8,0
DA:9,0
DA:10,0
DA:17,0
DA:19,0
DA:20,0
DA:23,0
DA:24,0
LF:8
LH:0
end_of_record
SF:lib\features\batch\presentation\state\batch_state.dart
DA:9,1
DA:15,1
DA:16,1
DA:18,1
DA:22,1
DA:27,1
DA:28,1
DA:29,1
DA:30,1
LF:9
LH:9
end_of_record
SF:lib\features\batch\presentation\viewmodel\doctor_view_model.dart
DA:7,2
DA:8,1
DA:9,0
DA:10,0
DA:17,3
DA:18,1
DA:21,1
DA:22,2
DA:23,2
DA:25,1
DA:26,5
DA:27,4
DA:31,1
DA:32,3
DA:33,2
DA:34,4
DA:36,1
DA:37,0
DA:38,4
LF:19
LH:16
end_of_record
SF:lib\config\router\app_route.dart
DA:11,0
DA:20,2
DA:21,2
DA:22,0
DA:23,1
DA:24,0
DA:25,0
DA:26,1
DA:27,0
LF:9
LH:4
end_of_record
SF:lib\features\batch\presentation\view\dashboard.dart
DA:7,4
DA:9,0
DA:10,0
DA:14,0
DA:16,0
DA:17,0
DA:21,0
DA:22,0
DA:27,0
DA:30,0
DA:31,0
DA:33,0
DA:43,0
DA:44,0
DA:55,0
DA:57,0
DA:59,0
DA:60,0
DA:61,0
DA:63,0
DA:94,0
DA:96,0
DA:151,0
DA:152,0
LF:24
LH:1
end_of_record
SF:lib\features\home\presentation\view\admin\adminnavigation.dart
DA:6,2
DA:8,0
DA:9,0
DA:20,0
DA:21,0
DA:22,0
DA:26,0
DA:27,0
DA:46,0
DA:49,0
DA:56,0
DA:58,0
DA:60,0
DA:62,0
LF:14
LH:1
end_of_record
SF:lib\features\home\presentation\view\bottom_navigation.dart
DA:8,2
DA:10,0
DA:11,0
DA:24,0
DA:25,0
DA:26,0
DA:30,0
DA:31,0
DA:50,0
DA:53,0
DA:60,0
DA:62,0
DA:64,0
DA:66,0
LF:14
LH:1
end_of_record
SF:lib\features\auth\presentation\view\login_view.dart
DA:8,2
DA:10,1
DA:11,1
DA:20,1
DA:22,1
DA:26,0
DA:29,0
DA:30,0
DA:31,0
DA:34,1
DA:37,1
DA:38,1
DA:42,1
DA:43,1
DA:44,1
DA:46,1
DA:47,1
DA:48,1
DA:49,1
DA:53,1
DA:57,1
DA:63,1
DA:65,1
DA:71,1
DA:72,1
DA:81,1
DA:83,1
DA:85,1
DA:89,1
DA:90,0
DA:91,0
DA:92,0
DA:95,2
DA:100,1
DA:101,1
DA:118,1
DA:119,1
DA:120,3
DA:121,1
DA:122,3
DA:123,1
DA:125,2
DA:126,2
DA:147,1
DA:150,1
DA:151,1
DA:163,1
DA:165,1
DA:170,1
DA:171,0
DA:172,0
LF:51
LH:42
end_of_record
SF:lib\features\auth\presentation\view\register_view.dart
DA:10,2
DA:12,1
DA:13,1
DA:22,1
DA:24,3
DA:25,1
DA:26,1
DA:30,1
DA:31,1
DA:33,1
DA:34,1
DA:35,1
DA:38,1
DA:39,1
DA:44,1
DA:45,1
DA:51,1
DA:52,1
DA:70,1
DA:71,1
DA:77,1
DA:78,1
DA:99,1
DA:100,1
DA:101,1
DA:102,1
DA:106,1
DA:107,0
DA:108,0
DA:109,0
DA:112,2
DA:117,1
DA:118,1
DA:127,1
DA:128,1
DA:129,3
DA:130,1
DA:131,3
DA:132,3
DA:133,3
DA:135,1
DA:136,3
DA:137,1
DA:139,1
DA:140,0
DA:141,0
DA:146,1
DA:153,1
DA:156,1
DA:157,1
DA:171,1
DA:173,1
DA:178,1
DA:179,0
DA:180,0
LF:55
LH:48
end_of_record
SF:lib\features\splash\presentation\view\splash_view.dart
DA:7,2
DA:9,0
DA:10,0
DA:14,0
DA:16,0
DA:18,0
DA:20,0
DA:23,0
DA:25,0
DA:26,0
DA:27,0
DA:28,0
DA:29,0
DA:31,0
DA:32,0
DA:35,0
DA:50,0
DA:52,0
LF:18
LH:1
end_of_record
SF:lib\core\common\snackbar\my_snackbar.dart
DA:3,1
DA:8,2
DA:9,1
DA:10,1
LF:4
LH:4
end_of_record
SF:lib\features\home\presentation\view\category.dart
DA:8,2
DA:14,0
DA:16,0
DA:18,0
DA:20,0
DA:21,0
DA:22,0
DA:24,0
DA:25,0
DA:26,0
DA:27,0
DA:33,0
LF:12
LH:1
end_of_record
SF:lib\features\home\presentation\view\doctorlist.dart
DA:8,2
DA:13,0
DA:15,0
DA:17,0
DA:19,0
DA:21,0
DA:22,0
DA:23,0
DA:25,0
DA:26,0
DA:27,0
DA:29,0
DA:30,0
DA:38,0
DA:39,0
DA:40,0
DA:41,0
DA:42,0
DA:43,0
DA:44,0
DA:51,0
DA:52,0
DA:58,0
LF:23
LH:1
end_of_record
SF:lib\features\home\presentation\view\admin\admindashboard.dart
DA:4,2
DA:6,0
DA:7,0
DA:11,0
DA:13,0
DA:14,0
LF:6
LH:1
end_of_record
SF:lib\features\home\presentation\view\admin\users.dart
DA:4,2
DA:6,0
DA:7,0
DA:11,0
DA:13,0
DA:14,0
LF:6
LH:1
end_of_record
SF:lib\features\home\presentation\view\applyfordoctor.dart
DA:163,2
DA:165,0
DA:166,0
DA:183,0
DA:185,0
DA:186,0
DA:187,0
DA:188,0
DA:189,0
DA:190,0
DA:191,0
DA:192,0
DA:193,0
DA:194,0
DA:195,0
DA:198,0
DA:200,0
DA:201,0
DA:204,0
DA:206,0
DA:207,0
DA:209,0
DA:210,0
DA:224,0
DA:225,0
DA:226,0
DA:228,0
DA:229,0
DA:232,0
DA:243,0
DA:244,0
DA:245,0
DA:247,0
DA:248,0
DA:251,0
DA:262,0
DA:263,0
DA:264,0
DA:266,0
DA:267,0
DA:270,0
DA:281,0
DA:282,0
DA:283,0
DA:285,0
DA:286,0
DA:289,0
DA:300,0
DA:301,0
DA:302,0
DA:304,0
DA:305,0
DA:309,0
DA:328,0
DA:329,0
DA:330,0
DA:332,0
DA:333,0
DA:336,0
DA:347,0
DA:348,0
DA:349,0
DA:351,0
DA:352,0
DA:355,0
DA:366,0
DA:367,0
DA:368,0
DA:370,0
DA:371,0
DA:374,0
DA:408,0
DA:409,0
DA:410,0
DA:414,0
DA:425,0
DA:427,0
DA:428,0
DA:437,0
DA:442,0
DA:443,0
LF:81
LH:1
end_of_record
SF:lib\features\home\presentation\view\appointments.dart
DA:59,2
DA:61,0
DA:63,0
DA:64,0
DA:99,2
DA:105,0
DA:107,0
DA:110,0
DA:112,0
DA:113,0
DA:115,0
DA:117,0
DA:119,0
DA:120,0
DA:121,0
DA:129,0
DA:130,0
DA:137,0
DA:138,0
LF:19
LH:2
end_of_record
SF:lib\features\home\presentation\view\userprofile.dart
DA:4,2
DA:6,0
DA:7,0
DA:11,0
DA:13,0
DA:14,0
LF:6
LH:1
end_of_record
